2024-03-02 00:15:19,833 INFO com.kupreychik.service.impl.JsonParseServiceImpl [HTTP-Dispatcher] Trying to convert json class com.kupreychik.dto.request.GroupRequestDouble to object
2024-03-02 00:15:19,937 INFO com.kupreychik.service.impl.GroupServiceImpl [HTTP-Dispatcher] saveGroup() method call with value GroupRequestDouble(number=521325, students=[6, 7, 8, 9, 10])
2024-03-02 00:15:19,944 INFO com.kupreychik.service.impl.JsonParseServiceImpl [HTTP-Dispatcher] Trying to convert object GroupResponse(id=1, number=521325, students=[Student(id=6, name=Anastasia, surname=Lemko, birthday=1993-03-12, phone=89462276321, groupNumber=521325), Student(id=7, name=Il'ya, surname=Kluchkin, birthday=1992-01-26, phone=89512645896, groupNumber=521325), Student(id=8, name=Petr, surname=Korolev, birthday=1992-11-22, phone=89123696589, groupNumber=521325), Student(id=9, name=Marina, surname=Kravchenko, birthday=1993-06-12, phone=89587531268, groupNumber=521325), Student(id=10, name=Stas, surname=Mackarchuk, birthday=1993-05-07, phone=89652344556, groupNumber=521325)]) to string
2024-03-02 00:15:30,931 INFO com.kupreychik.service.impl.JsonParseServiceImpl [HTTP-Dispatcher] Trying to convert json class com.kupreychik.dto.request.TimeTableRequest to object
2024-03-02 00:15:30,934 INFO com.kupreychik.service.impl.TimeTableServiceImpl [HTTP-Dispatcher] saveTimeTable() method call with value TimeTableRequest(groupId=1, teacherId=3, startDateTime=2024-05-12 12:00, endDateTime=2024-05-12 14:00)
2024-03-02 00:15:30,937 DEBUG com.kupreychik.middleware.DateTimeMiddleWare [HTTP-Dispatcher] Выполняется проверка даты расписания
2024-03-02 00:15:30,939 DEBUG com.kupreychik.middleware.DateTimeMiddleWare [HTTP-Dispatcher] Проверка пройдена. Дата подходит
2024-03-02 00:15:30,939 DEBUG com.kupreychik.service.impl.TimeTableServiceImpl [HTTP-Dispatcher] Проверка groupId TimeTableRequest(groupId=1, teacherId=3, startDateTime=2024-05-12 12:00, endDateTime=2024-05-12 14:00)
2024-03-02 00:15:30,940 DEBUG com.kupreychik.service.impl.TimeTableServiceImpl [HTTP-Dispatcher] Проверка пройдена. teacherId найдено
2024-03-02 00:15:30,940 DEBUG com.kupreychik.service.impl.TimeTableServiceImpl [HTTP-Dispatcher] Проверка teacherId TimeTableRequest(groupId=1, teacherId=3, startDateTime=2024-05-12 12:00, endDateTime=2024-05-12 14:00)
2024-03-02 00:15:30,941 DEBUG com.kupreychik.service.impl.TimeTableServiceImpl [HTTP-Dispatcher] Проверка пройдена. teacherId найдено
2024-03-02 00:15:30,943 INFO com.kupreychik.service.impl.JsonParseServiceImpl [HTTP-Dispatcher] Trying to convert object TimeTableResponse(groupId=1, teacherId=3, startDateTime=2024-05-12T12:00, endDateTime=2024-05-12T14:00) to string
2024-03-02 00:15:35,933 INFO com.kupreychik.service.impl.JsonParseServiceImpl [HTTP-Dispatcher] Trying to convert object ErrorResponse(error=Wrong request, time=2024-03-02T00:15:35.932122800, errorId=616ea607-de3a-437f-a99b-bc8761a226d8) to string
2024-03-02 00:16:03,393 INFO com.kupreychik.service.impl.TimeTableServiceImpl [HTTP-Dispatcher] Поиск расписания по фамилии студента
2024-03-02 00:16:03,394 INFO com.kupreychik.service.impl.TimeTableServiceImpl [HTTP-Dispatcher] Расписание найдено
2024-03-02 00:16:03,394 INFO com.kupreychik.service.impl.JsonParseServiceImpl [HTTP-Dispatcher] Trying to convert object [TimeTable(groupId=1, teacherId=3, startDateTime=2024-05-12T12:00, endDateTime=2024-05-12T14:00)] to string
2024-03-02 00:22:09,767 INFO com.kupreychik.service.impl.TeacherServiceImpl [HTTP-Dispatcher] getTeachers() method call
2024-03-02 00:22:09,774 INFO com.kupreychik.service.impl.JsonParseServiceImpl [HTTP-Dispatcher] Trying to convert object [TeacherResponse(id=1, name=Mihail, surname=Buharinov, items=[MATH], experience=5, birthday=1998-01-26, phoneNumber=89512645897), TeacherResponse(id=2, name=Anna, surname=Kolikova, items=[HISTORY], experience=10, birthday=1972-11-22, phoneNumber=89123696580), TeacherResponse(id=3, name=Varvara, surname=Barsukova, items=[PE], experience=4, birthday=1963-06-12, phoneNumber=89587531269), TeacherResponse(id=4, name=Vitalii, surname=Smelov, items=[ENGLISH], experience=15, birthday=1983-05-07, phoneNumber=89652344557), TeacherResponse(id=5, name=Artem, surname=Sedel'nikov, items=[BIOLOGY], experience=2, birthday=1981-03-06, phoneNumber=89522588665)] to string
2024-03-02 00:22:21,211 INFO com.kupreychik.service.impl.JsonParseServiceImpl [HTTP-Dispatcher] Trying to convert json class com.kupreychik.dto.request.GroupRequestDouble to object
2024-03-02 00:22:21,252 INFO com.kupreychik.service.impl.GroupServiceImpl [HTTP-Dispatcher] saveGroup() method call with value GroupRequestDouble(number=521325, students=[6, 7, 8, 9, 10])
2024-03-02 00:22:21,257 INFO com.kupreychik.service.impl.JsonParseServiceImpl [HTTP-Dispatcher] Trying to convert object GroupResponse(id=1, number=521325, students=[Student(id=6, name=Anastasia, surname=Lemko, birthday=1993-03-12, phone=89462276321, groupNumber=521325), Student(id=7, name=Il'ya, surname=Kluchkin, birthday=1992-01-26, phone=89512645896, groupNumber=521325), Student(id=8, name=Petr, surname=Korolev, birthday=1992-11-22, phone=89123696589, groupNumber=521325), Student(id=9, name=Marina, surname=Kravchenko, birthday=1993-06-12, phone=89587531268, groupNumber=521325), Student(id=10, name=Stas, surname=Mackarchuk, birthday=1993-05-07, phone=89652344556, groupNumber=521325)]) to string
2024-03-02 00:22:28,155 INFO com.kupreychik.service.impl.JsonParseServiceImpl [HTTP-Dispatcher] Trying to convert json class com.kupreychik.dto.request.TimeTableRequest to object
2024-03-02 00:22:28,160 INFO com.kupreychik.service.impl.TimeTableServiceImpl [HTTP-Dispatcher] saveTimeTable() method call with value TimeTableRequest(groupId=1, teacherId=3, startDateTime=2024-05-12 12:00, endDateTime=2024-05-12 14:00)
2024-03-02 00:22:28,163 DEBUG com.kupreychik.middleware.DateTimeMiddleWare [HTTP-Dispatcher] Выполняется проверка даты расписания
2024-03-02 00:22:28,164 DEBUG com.kupreychik.middleware.DateTimeMiddleWare [HTTP-Dispatcher] Проверка пройдена. Дата подходит
2024-03-02 00:22:28,165 DEBUG com.kupreychik.service.impl.TimeTableServiceImpl [HTTP-Dispatcher] Проверка groupId TimeTableRequest(groupId=1, teacherId=3, startDateTime=2024-05-12 12:00, endDateTime=2024-05-12 14:00)
2024-03-02 00:22:28,166 DEBUG com.kupreychik.service.impl.TimeTableServiceImpl [HTTP-Dispatcher] Проверка пройдена. teacherId найдено
2024-03-02 00:22:28,167 DEBUG com.kupreychik.service.impl.TimeTableServiceImpl [HTTP-Dispatcher] Проверка teacherId TimeTableRequest(groupId=1, teacherId=3, startDateTime=2024-05-12 12:00, endDateTime=2024-05-12 14:00)
2024-03-02 00:22:28,168 DEBUG com.kupreychik.service.impl.TimeTableServiceImpl [HTTP-Dispatcher] Проверка пройдена. teacherId найдено
2024-03-02 00:22:28,170 INFO com.kupreychik.service.impl.JsonParseServiceImpl [HTTP-Dispatcher] Trying to convert object TimeTableResponse(groupId=1, teacherId=3, startDateTime=2024-05-12T12:00, endDateTime=2024-05-12T14:00) to string
2024-03-02 00:22:45,574 INFO com.kupreychik.service.impl.TeacherServiceImpl [HTTP-Dispatcher] getTeachers() method call
2024-03-02 00:22:45,574 INFO com.kupreychik.service.impl.JsonParseServiceImpl [HTTP-Dispatcher] Trying to convert object [TeacherResponse(id=1, name=Mihail, surname=Buharinov, items=[MATH], experience=5, birthday=1998-01-26, phoneNumber=89512645897), TeacherResponse(id=2, name=Anna, surname=Kolikova, items=[HISTORY], experience=10, birthday=1972-11-22, phoneNumber=89123696580), TeacherResponse(id=3, name=Varvara, surname=Barsukova, items=[PE], experience=4, birthday=1963-06-12, phoneNumber=89587531269), TeacherResponse(id=4, name=Vitalii, surname=Smelov, items=[ENGLISH], experience=15, birthday=1983-05-07, phoneNumber=89652344557), TeacherResponse(id=5, name=Artem, surname=Sedel'nikov, items=[BIOLOGY], experience=2, birthday=1981-03-06, phoneNumber=89522588665)] to string
2024-03-02 00:22:55,587 INFO com.kupreychik.service.impl.JsonParseServiceImpl [HTTP-Dispatcher] Trying to convert object ErrorResponse(error=Wrong request, time=2024-03-02T00:22:55.586093300, errorId=56517a80-7bac-48df-a233-5b82a6ea7b84) to string
2024-03-02 00:22:58,579 INFO com.kupreychik.service.impl.JsonParseServiceImpl [HTTP-Dispatcher] Trying to convert object ErrorResponse(error=Wrong request, time=2024-03-02T00:22:58.579085, errorId=f34aa542-7744-4c07-969a-18ed26744ea2) to string
2024-03-02 00:23:05,427 INFO com.kupreychik.service.impl.TimeTableServiceImpl [HTTP-Dispatcher] Поиск расписания по фамилии учителя
2024-03-02 00:23:05,428 INFO com.kupreychik.service.impl.TimeTableServiceImpl [HTTP-Dispatcher] Расписание найдено
2024-03-02 00:23:05,428 INFO com.kupreychik.service.impl.JsonParseServiceImpl [HTTP-Dispatcher] Trying to convert object [TimeTable(groupId=1, teacherId=3, startDateTime=2024-05-12T12:00, endDateTime=2024-05-12T14:00)] to string
2024-03-02 00:23:14,806 INFO com.kupreychik.service.impl.TimeTableServiceImpl [HTTP-Dispatcher] Поиск расписания по фамилии учителя
2024-03-02 00:23:14,807 ERROR com.kupreychik.service.impl.TimeTableServiceImpl [HTTP-Dispatcher] Ошибка. Расписание не найдено
2024-03-02 00:23:14,808 INFO com.kupreychik.service.impl.JsonParseServiceImpl [HTTP-Dispatcher] Trying to convert object ErrorResponse(error=Cannot found timetable by groupNumber, time=2024-03-02T00:23:14.808764500, errorId=ede946c4-7548-493a-b38e-e4777afabaf8) to string
2024-03-02 00:23:27,414 INFO com.kupreychik.service.impl.TimeTableServiceImpl [HTTP-Dispatcher] Поиск расписания по фамилии учителя
2024-03-02 00:23:27,414 INFO com.kupreychik.service.impl.TimeTableServiceImpl [HTTP-Dispatcher] Расписание найдено
2024-03-02 00:23:27,414 INFO com.kupreychik.service.impl.JsonParseServiceImpl [HTTP-Dispatcher] Trying to convert object [TimeTable(groupId=1, teacherId=3, startDateTime=2024-05-12T12:00, endDateTime=2024-05-12T14:00)] to string
2024-03-02 00:30:44,931 INFO com.kupreychik.service.impl.JsonParseServiceImpl [HTTP-Dispatcher] Trying to convert json class com.kupreychik.dto.request.GroupRequestDouble to object
2024-03-02 00:30:45,012 INFO com.kupreychik.service.impl.GroupServiceImpl [HTTP-Dispatcher] saveGroup() method call with value GroupRequestDouble(number=521325, students=[6, 7, 8, 9, 10])
2024-03-02 00:30:45,017 INFO com.kupreychik.service.impl.JsonParseServiceImpl [HTTP-Dispatcher] Trying to convert object GroupResponse(id=1, number=521325, students=[Student(id=6, name=Anastasia, surname=Lemko, birthday=1993-03-12, phone=89462276321, groupNumber=521325), Student(id=7, name=Il'ya, surname=Kluchkin, birthday=1992-01-26, phone=89512645896, groupNumber=521325), Student(id=8, name=Petr, surname=Korolev, birthday=1992-11-22, phone=89123696589, groupNumber=521325), Student(id=9, name=Marina, surname=Kravchenko, birthday=1993-06-12, phone=89587531268, groupNumber=521325), Student(id=10, name=Stas, surname=Mackarchuk, birthday=1993-05-07, phone=89652344556, groupNumber=521325)]) to string
2024-03-02 00:30:49,627 INFO com.kupreychik.service.impl.JsonParseServiceImpl [HTTP-Dispatcher] Trying to convert json class com.kupreychik.dto.request.TimeTableRequest to object
2024-03-02 00:30:49,634 INFO com.kupreychik.service.impl.TimeTableServiceImpl [HTTP-Dispatcher] saveTimeTable() method call with value TimeTableRequest(groupId=1, teacherId=3, startDateTime=2024-05-12 12:00, endDateTime=2024-05-12 14:00)
2024-03-02 00:30:49,640 DEBUG com.kupreychik.middleware.DateTimeMiddleWare [HTTP-Dispatcher] Выполняется проверка даты расписания
2024-03-02 00:30:49,641 DEBUG com.kupreychik.middleware.DateTimeMiddleWare [HTTP-Dispatcher] Проверка пройдена. Дата подходит
2024-03-02 00:30:49,643 DEBUG com.kupreychik.service.impl.TimeTableServiceImpl [HTTP-Dispatcher] Проверка groupId TimeTableRequest(groupId=1, teacherId=3, startDateTime=2024-05-12 12:00, endDateTime=2024-05-12 14:00)
2024-03-02 00:30:49,645 DEBUG com.kupreychik.service.impl.TimeTableServiceImpl [HTTP-Dispatcher] Проверка пройдена. teacherId найдено
2024-03-02 00:30:49,646 DEBUG com.kupreychik.service.impl.TimeTableServiceImpl [HTTP-Dispatcher] Проверка teacherId TimeTableRequest(groupId=1, teacherId=3, startDateTime=2024-05-12 12:00, endDateTime=2024-05-12 14:00)
2024-03-02 00:30:49,648 DEBUG com.kupreychik.service.impl.TimeTableServiceImpl [HTTP-Dispatcher] Проверка пройдена. teacherId найдено
2024-03-02 00:30:49,651 INFO com.kupreychik.service.impl.JsonParseServiceImpl [HTTP-Dispatcher] Trying to convert object TimeTableResponse(groupId=1, teacherId=3, startDateTime=2024-05-12T12:00, endDateTime=2024-05-12T14:00) to string
2024-03-02 01:02:15,144 INFO com.kupreychik.service.impl.JsonParseServiceImpl [HTTP-Dispatcher] Trying to convert json class com.kupreychik.dto.request.GroupRequestDouble to object
2024-03-02 01:02:15,216 INFO com.kupreychik.service.impl.GroupServiceImpl [HTTP-Dispatcher] saveGroup() method call with value GroupRequestDouble(number=521325, students=[6, 7, 8, 9, 10])
2024-03-02 01:02:15,222 INFO com.kupreychik.service.impl.JsonParseServiceImpl [HTTP-Dispatcher] Trying to convert object GroupResponse(id=1, number=521325, students=[Student(id=6, name=Anastasia, surname=Lemko, birthday=1993-03-12, phone=89462276321, groupNumber=521325), Student(id=7, name=Il'ya, surname=Kluchkin, birthday=1992-01-26, phone=89512645896, groupNumber=521325), Student(id=8, name=Petr, surname=Korolev, birthday=1992-11-22, phone=89123696589, groupNumber=521325), Student(id=9, name=Marina, surname=Kravchenko, birthday=1993-06-12, phone=89587531268, groupNumber=521325), Student(id=10, name=Stas, surname=Mackarchuk, birthday=1993-05-07, phone=89652344556, groupNumber=521325)]) to string
2024-03-02 01:02:20,610 INFO com.kupreychik.service.impl.JsonParseServiceImpl [HTTP-Dispatcher] Trying to convert json class com.kupreychik.dto.request.TimeTableRequest to object
2024-03-02 01:02:20,615 INFO com.kupreychik.service.impl.TimeTableServiceImpl [HTTP-Dispatcher] saveTimeTable() method call with value TimeTableRequest(groupId=1, teacherId=3, startDateTime=2024-05-12 12:00, endDateTime=2024-05-12 14:00)
2024-03-02 01:02:20,618 DEBUG com.kupreychik.middleware.DateTimeMiddleWare [HTTP-Dispatcher] Выполняется проверка даты расписания
2024-03-02 01:02:20,621 DEBUG com.kupreychik.middleware.DateTimeMiddleWare [HTTP-Dispatcher] Проверка пройдена. Дата подходит
2024-03-02 01:02:20,622 DEBUG com.kupreychik.service.impl.TimeTableServiceImpl [HTTP-Dispatcher] Проверка groupId TimeTableRequest(groupId=1, teacherId=3, startDateTime=2024-05-12 12:00, endDateTime=2024-05-12 14:00)
2024-03-02 01:02:20,624 DEBUG com.kupreychik.service.impl.TimeTableServiceImpl [HTTP-Dispatcher] Проверка пройдена. teacherId найдено
2024-03-02 01:02:20,624 DEBUG com.kupreychik.service.impl.TimeTableServiceImpl [HTTP-Dispatcher] Проверка teacherId TimeTableRequest(groupId=1, teacherId=3, startDateTime=2024-05-12 12:00, endDateTime=2024-05-12 14:00)
2024-03-02 01:02:20,626 DEBUG com.kupreychik.service.impl.TimeTableServiceImpl [HTTP-Dispatcher] Проверка пройдена. teacherId найдено
2024-03-02 01:02:20,630 INFO com.kupreychik.service.impl.JsonParseServiceImpl [HTTP-Dispatcher] Trying to convert object TimeTableResponse(groupId=1, teacherId=3, startDateTime=2024-05-12T12:00, endDateTime=2024-05-12T14:00) to string
2024-03-02 01:02:28,772 INFO com.kupreychik.service.impl.TimeTableServiceImpl [HTTP-Dispatcher] Поиск расписания по дате
2024-03-02 01:02:28,773 INFO com.kupreychik.service.impl.TimeTableServiceImpl [HTTP-Dispatcher] Расписание найдено
2024-03-02 01:02:28,774 INFO com.kupreychik.service.impl.JsonParseServiceImpl [HTTP-Dispatcher] Trying to convert object [] to string
2024-03-02 01:02:49,140 INFO com.kupreychik.service.impl.TimeTableServiceImpl [HTTP-Dispatcher] Поиск расписания по дате
2024-03-02 01:02:49,141 INFO com.kupreychik.service.impl.TimeTableServiceImpl [HTTP-Dispatcher] Расписание найдено
2024-03-02 01:02:49,141 INFO com.kupreychik.service.impl.JsonParseServiceImpl [HTTP-Dispatcher] Trying to convert object [TimeTable(groupId=1, teacherId=3, startDateTime=2024-05-12T12:00, endDateTime=2024-05-12T14:00)] to string
2024-03-02 01:26:51,050 INFO com.kupreychik.service.impl.JsonParseServiceImpl [HTTP-Dispatcher] Trying to convert json class com.kupreychik.dto.request.GroupRequestDouble to object
2024-03-02 01:26:51,161 INFO com.kupreychik.service.impl.GroupServiceImpl [HTTP-Dispatcher] saveGroup() method call with value GroupRequestDouble(number=521325, students=[6, 7, 8, 9, 10])
2024-03-02 01:26:51,167 INFO com.kupreychik.service.impl.JsonParseServiceImpl [HTTP-Dispatcher] Trying to convert object GroupResponse(id=1, number=521325, students=[Student(id=6, name=Anastasia, surname=Lemko, birthday=1993-03-12, phone=89462276321, groupNumber=521325), Student(id=7, name=Il'ya, surname=Kluchkin, birthday=1992-01-26, phone=89512645896, groupNumber=521325), Student(id=8, name=Petr, surname=Korolev, birthday=1992-11-22, phone=89123696589, groupNumber=521325), Student(id=9, name=Marina, surname=Kravchenko, birthday=1993-06-12, phone=89587531268, groupNumber=521325), Student(id=10, name=Stas, surname=Mackarchuk, birthday=1993-05-07, phone=89652344556, groupNumber=521325)]) to string
2024-03-02 01:26:54,550 INFO com.kupreychik.service.impl.JsonParseServiceImpl [HTTP-Dispatcher] Trying to convert json class com.kupreychik.dto.request.TimeTableRequest to object
2024-03-02 01:26:54,553 INFO com.kupreychik.service.impl.TimeTableServiceImpl [HTTP-Dispatcher] saveTimeTable() method call with value TimeTableRequest(groupId=1, teacherId=3, startDateTime=2024-05-12 12:00, endDateTime=2024-05-12 14:00)
2024-03-02 01:26:54,556 DEBUG com.kupreychik.middleware.DateTimeMiddleWare [HTTP-Dispatcher] Выполняется проверка даты расписания
2024-03-02 01:26:54,557 DEBUG com.kupreychik.middleware.DateTimeMiddleWare [HTTP-Dispatcher] Проверка пройдена. Дата подходит
2024-03-02 01:26:54,558 DEBUG com.kupreychik.service.impl.TimeTableServiceImpl [HTTP-Dispatcher] Проверка groupId TimeTableRequest(groupId=1, teacherId=3, startDateTime=2024-05-12 12:00, endDateTime=2024-05-12 14:00)
2024-03-02 01:26:54,559 DEBUG com.kupreychik.service.impl.TimeTableServiceImpl [HTTP-Dispatcher] Проверка пройдена. teacherId найдено
2024-03-02 01:26:54,559 DEBUG com.kupreychik.service.impl.TimeTableServiceImpl [HTTP-Dispatcher] Проверка teacherId TimeTableRequest(groupId=1, teacherId=3, startDateTime=2024-05-12 12:00, endDateTime=2024-05-12 14:00)
2024-03-02 01:26:54,560 DEBUG com.kupreychik.service.impl.TimeTableServiceImpl [HTTP-Dispatcher] Проверка пройдена. teacherId найдено
2024-03-02 01:26:54,563 INFO com.kupreychik.service.impl.JsonParseServiceImpl [HTTP-Dispatcher] Trying to convert object TimeTableResponse(groupId=1, teacherId=3, startDateTime=2024-05-12T12:00, endDateTime=2024-05-12T14:00) to string
2024-03-02 01:27:42,752 INFO com.kupreychik.service.impl.TimeTableServiceImpl [HTTP-Dispatcher] Поиск расписания по дате
2024-03-02 01:27:42,753 INFO com.kupreychik.service.impl.TimeTableServiceImpl [HTTP-Dispatcher] Расписание найдено
2024-03-02 01:27:42,753 INFO com.kupreychik.service.impl.JsonParseServiceImpl [HTTP-Dispatcher] Trying to convert object [TimeTable(groupId=1, teacherId=3, startDateTime=2024-05-12T12:00, endDateTime=2024-05-12T14:00)] to string
2024-03-02 01:27:45,610 INFO com.kupreychik.service.impl.JsonParseServiceImpl [HTTP-Dispatcher] Trying to convert json class com.kupreychik.dto.request.TimeTableRequest to object
2024-03-02 01:27:45,612 ERROR com.kupreychik.service.impl.JsonParseServiceImpl [HTTP-Dispatcher] Cannot parse string to object
2024-03-02 01:29:09,303 INFO com.kupreychik.service.impl.JsonParseServiceImpl [HTTP-Dispatcher] Trying to convert json class com.kupreychik.dto.request.GroupRequestDouble to object
2024-03-02 01:29:09,391 INFO com.kupreychik.service.impl.GroupServiceImpl [HTTP-Dispatcher] saveGroup() method call with value GroupRequestDouble(number=521325, students=[6, 7, 8, 9, 10])
2024-03-02 01:29:09,395 INFO com.kupreychik.service.impl.JsonParseServiceImpl [HTTP-Dispatcher] Trying to convert object GroupResponse(id=1, number=521325, students=[Student(id=6, name=Anastasia, surname=Lemko, birthday=1993-03-12, phone=89462276321, groupNumber=521325), Student(id=7, name=Il'ya, surname=Kluchkin, birthday=1992-01-26, phone=89512645896, groupNumber=521325), Student(id=8, name=Petr, surname=Korolev, birthday=1992-11-22, phone=89123696589, groupNumber=521325), Student(id=9, name=Marina, surname=Kravchenko, birthday=1993-06-12, phone=89587531268, groupNumber=521325), Student(id=10, name=Stas, surname=Mackarchuk, birthday=1993-05-07, phone=89652344556, groupNumber=521325)]) to string
2024-03-02 01:29:16,147 INFO com.kupreychik.service.impl.JsonParseServiceImpl [HTTP-Dispatcher] Trying to convert json class com.kupreychik.dto.request.TimeTableRequest to object
2024-03-02 01:29:16,153 INFO com.kupreychik.service.impl.TimeTableServiceImpl [HTTP-Dispatcher] saveTimeTable() method call with value TimeTableRequest(groupId=1, teacherId=3, startDateTime=2024-05-12 12:00, endDateTime=2024-05-12 14:00)
2024-03-02 01:29:16,164 DEBUG com.kupreychik.middleware.DateTimeMiddleWare [HTTP-Dispatcher] Выполняется проверка даты расписания
2024-03-02 01:29:16,167 DEBUG com.kupreychik.middleware.DateTimeMiddleWare [HTTP-Dispatcher] Проверка пройдена. Дата подходит
2024-03-02 01:29:16,167 DEBUG com.kupreychik.service.impl.TimeTableServiceImpl [HTTP-Dispatcher] Проверка groupId TimeTableRequest(groupId=1, teacherId=3, startDateTime=2024-05-12 12:00, endDateTime=2024-05-12 14:00)
2024-03-02 01:29:16,169 DEBUG com.kupreychik.service.impl.TimeTableServiceImpl [HTTP-Dispatcher] Проверка пройдена. teacherId найдено
2024-03-02 01:29:16,170 DEBUG com.kupreychik.service.impl.TimeTableServiceImpl [HTTP-Dispatcher] Проверка teacherId TimeTableRequest(groupId=1, teacherId=3, startDateTime=2024-05-12 12:00, endDateTime=2024-05-12 14:00)
2024-03-02 01:29:16,172 DEBUG com.kupreychik.service.impl.TimeTableServiceImpl [HTTP-Dispatcher] Проверка пройдена. teacherId найдено
2024-03-02 01:29:16,175 INFO com.kupreychik.service.impl.JsonParseServiceImpl [HTTP-Dispatcher] Trying to convert object TimeTableResponse(groupId=1, teacherId=3, startDateTime=2024-05-12T12:00, endDateTime=2024-05-12T14:00) to string
2024-03-02 01:29:44,114 INFO com.kupreychik.service.impl.JsonParseServiceImpl [HTTP-Dispatcher] Trying to convert json class com.kupreychik.dto.request.TimeTableRequest to object
2024-03-02 01:29:44,119 ERROR com.kupreychik.service.impl.JsonParseServiceImpl [HTTP-Dispatcher] Cannot parse string to object
2024-03-02 01:29:49,907 INFO com.kupreychik.service.impl.TimeTableServiceImpl [HTTP-Dispatcher] Изменения расписания по дате
2024-03-02 01:30:03,806 INFO com.kupreychik.service.impl.TimeTableServiceImpl [HTTP-Dispatcher] Изменения расписания по дате
2024-03-02 01:30:35,100 INFO com.kupreychik.service.impl.JsonParseServiceImpl [HTTP-Dispatcher] Trying to convert json class com.kupreychik.dto.request.GroupRequestDouble to object
2024-03-02 01:30:35,196 INFO com.kupreychik.service.impl.GroupServiceImpl [HTTP-Dispatcher] saveGroup() method call with value GroupRequestDouble(number=521325, students=[6, 7, 8, 9, 10])
2024-03-02 01:30:35,200 INFO com.kupreychik.service.impl.JsonParseServiceImpl [HTTP-Dispatcher] Trying to convert object GroupResponse(id=1, number=521325, students=[Student(id=6, name=Anastasia, surname=Lemko, birthday=1993-03-12, phone=89462276321, groupNumber=521325), Student(id=7, name=Il'ya, surname=Kluchkin, birthday=1992-01-26, phone=89512645896, groupNumber=521325), Student(id=8, name=Petr, surname=Korolev, birthday=1992-11-22, phone=89123696589, groupNumber=521325), Student(id=9, name=Marina, surname=Kravchenko, birthday=1993-06-12, phone=89587531268, groupNumber=521325), Student(id=10, name=Stas, surname=Mackarchuk, birthday=1993-05-07, phone=89652344556, groupNumber=521325)]) to string
2024-03-02 01:30:44,447 INFO com.kupreychik.service.impl.JsonParseServiceImpl [HTTP-Dispatcher] Trying to convert json class com.kupreychik.dto.request.TimeTableRequest to object
2024-03-02 01:30:44,959 INFO com.kupreychik.service.impl.TimeTableServiceImpl [HTTP-Dispatcher] saveTimeTable() method call with value TimeTableRequest(groupId=1, teacherId=3, startDateTime=2024-05-12 12:00, endDateTime=2024-05-12 14:00)
2024-03-02 01:30:44,959 DEBUG com.kupreychik.middleware.DateTimeMiddleWare [HTTP-Dispatcher] Выполняется проверка даты расписания
2024-03-02 01:30:44,962 DEBUG com.kupreychik.middleware.DateTimeMiddleWare [HTTP-Dispatcher] Проверка пройдена. Дата подходит
2024-03-02 01:30:44,962 DEBUG com.kupreychik.service.impl.TimeTableServiceImpl [HTTP-Dispatcher] Проверка groupId TimeTableRequest(groupId=1, teacherId=3, startDateTime=2024-05-12 12:00, endDateTime=2024-05-12 14:00)
2024-03-02 01:30:44,965 DEBUG com.kupreychik.service.impl.TimeTableServiceImpl [HTTP-Dispatcher] Проверка пройдена. teacherId найдено
2024-03-02 01:30:44,966 DEBUG com.kupreychik.service.impl.TimeTableServiceImpl [HTTP-Dispatcher] Проверка teacherId TimeTableRequest(groupId=1, teacherId=3, startDateTime=2024-05-12 12:00, endDateTime=2024-05-12 14:00)
2024-03-02 01:30:44,968 DEBUG com.kupreychik.service.impl.TimeTableServiceImpl [HTTP-Dispatcher] Проверка пройдена. teacherId найдено
2024-03-02 01:30:44,971 INFO com.kupreychik.service.impl.JsonParseServiceImpl [HTTP-Dispatcher] Trying to convert object TimeTableResponse(groupId=1, teacherId=3, startDateTime=2024-05-12T12:00, endDateTime=2024-05-12T14:00) to string
2024-03-02 01:31:07,178 INFO com.kupreychik.service.impl.TimeTableServiceImpl [HTTP-Dispatcher] Изменения расписания по дате
2024-03-02 01:32:34,469 INFO com.kupreychik.service.impl.JsonParseServiceImpl [HTTP-Dispatcher] Trying to convert json class com.kupreychik.dto.request.GroupRequestDouble to object
2024-03-02 01:32:34,552 INFO com.kupreychik.service.impl.GroupServiceImpl [HTTP-Dispatcher] saveGroup() method call with value GroupRequestDouble(number=521325, students=[6, 7, 8, 9, 10])
2024-03-02 01:32:34,555 INFO com.kupreychik.service.impl.JsonParseServiceImpl [HTTP-Dispatcher] Trying to convert object GroupResponse(id=1, number=521325, students=[Student(id=6, name=Anastasia, surname=Lemko, birthday=1993-03-12, phone=89462276321, groupNumber=521325), Student(id=7, name=Il'ya, surname=Kluchkin, birthday=1992-01-26, phone=89512645896, groupNumber=521325), Student(id=8, name=Petr, surname=Korolev, birthday=1992-11-22, phone=89123696589, groupNumber=521325), Student(id=9, name=Marina, surname=Kravchenko, birthday=1993-06-12, phone=89587531268, groupNumber=521325), Student(id=10, name=Stas, surname=Mackarchuk, birthday=1993-05-07, phone=89652344556, groupNumber=521325)]) to string
2024-03-02 01:32:41,176 INFO com.kupreychik.service.impl.JsonParseServiceImpl [HTTP-Dispatcher] Trying to convert json class com.kupreychik.dto.request.TimeTableRequest to object
2024-03-02 01:32:41,180 INFO com.kupreychik.service.impl.TimeTableServiceImpl [HTTP-Dispatcher] saveTimeTable() method call with value TimeTableRequest(groupId=1, teacherId=3, startDateTime=2024-05-12 12:00, endDateTime=2024-05-12 14:00)
2024-03-02 01:32:41,183 DEBUG com.kupreychik.middleware.DateTimeMiddleWare [HTTP-Dispatcher] Выполняется проверка даты расписания
2024-03-02 01:32:41,184 DEBUG com.kupreychik.middleware.DateTimeMiddleWare [HTTP-Dispatcher] Проверка пройдена. Дата подходит
2024-03-02 01:32:41,185 DEBUG com.kupreychik.service.impl.TimeTableServiceImpl [HTTP-Dispatcher] Проверка groupId TimeTableRequest(groupId=1, teacherId=3, startDateTime=2024-05-12 12:00, endDateTime=2024-05-12 14:00)
2024-03-02 01:32:41,185 DEBUG com.kupreychik.service.impl.TimeTableServiceImpl [HTTP-Dispatcher] Проверка пройдена. teacherId найдено
2024-03-02 01:32:41,186 DEBUG com.kupreychik.service.impl.TimeTableServiceImpl [HTTP-Dispatcher] Проверка teacherId TimeTableRequest(groupId=1, teacherId=3, startDateTime=2024-05-12 12:00, endDateTime=2024-05-12 14:00)
2024-03-02 01:32:41,187 DEBUG com.kupreychik.service.impl.TimeTableServiceImpl [HTTP-Dispatcher] Проверка пройдена. teacherId найдено
2024-03-02 01:32:41,189 INFO com.kupreychik.service.impl.JsonParseServiceImpl [HTTP-Dispatcher] Trying to convert object TimeTableResponse(groupId=1, teacherId=3, startDateTime=2024-05-12T12:00, endDateTime=2024-05-12T14:00) to string
2024-03-02 01:32:43,097 INFO com.kupreychik.service.impl.TimeTableServiceImpl [HTTP-Dispatcher] Изменения расписания по дате
2024-03-02 01:32:58,535 INFO com.kupreychik.service.impl.JsonParseServiceImpl [HTTP-Dispatcher] Trying to convert json class com.kupreychik.dto.request.GroupRequestDouble to object
2024-03-02 01:32:58,633 INFO com.kupreychik.service.impl.GroupServiceImpl [HTTP-Dispatcher] saveGroup() method call with value GroupRequestDouble(number=521325, students=[6, 7, 8, 9, 10])
2024-03-02 01:32:58,637 INFO com.kupreychik.service.impl.JsonParseServiceImpl [HTTP-Dispatcher] Trying to convert object GroupResponse(id=1, number=521325, students=[Student(id=6, name=Anastasia, surname=Lemko, birthday=1993-03-12, phone=89462276321, groupNumber=521325), Student(id=7, name=Il'ya, surname=Kluchkin, birthday=1992-01-26, phone=89512645896, groupNumber=521325), Student(id=8, name=Petr, surname=Korolev, birthday=1992-11-22, phone=89123696589, groupNumber=521325), Student(id=9, name=Marina, surname=Kravchenko, birthday=1993-06-12, phone=89587531268, groupNumber=521325), Student(id=10, name=Stas, surname=Mackarchuk, birthday=1993-05-07, phone=89652344556, groupNumber=521325)]) to string
2024-03-02 01:33:01,986 INFO com.kupreychik.service.impl.JsonParseServiceImpl [HTTP-Dispatcher] Trying to convert json class com.kupreychik.dto.request.TimeTableRequest to object
2024-03-02 01:33:01,991 INFO com.kupreychik.service.impl.TimeTableServiceImpl [HTTP-Dispatcher] saveTimeTable() method call with value TimeTableRequest(groupId=1, teacherId=3, startDateTime=2024-05-12 12:00, endDateTime=2024-05-12 14:00)
2024-03-02 01:33:01,994 DEBUG com.kupreychik.middleware.DateTimeMiddleWare [HTTP-Dispatcher] Выполняется проверка даты расписания
2024-03-02 01:33:01,996 DEBUG com.kupreychik.middleware.DateTimeMiddleWare [HTTP-Dispatcher] Проверка пройдена. Дата подходит
2024-03-02 01:33:01,997 DEBUG com.kupreychik.service.impl.TimeTableServiceImpl [HTTP-Dispatcher] Проверка groupId TimeTableRequest(groupId=1, teacherId=3, startDateTime=2024-05-12 12:00, endDateTime=2024-05-12 14:00)
2024-03-02 01:33:01,998 DEBUG com.kupreychik.service.impl.TimeTableServiceImpl [HTTP-Dispatcher] Проверка пройдена. teacherId найдено
2024-03-02 01:33:01,999 DEBUG com.kupreychik.service.impl.TimeTableServiceImpl [HTTP-Dispatcher] Проверка teacherId TimeTableRequest(groupId=1, teacherId=3, startDateTime=2024-05-12 12:00, endDateTime=2024-05-12 14:00)
2024-03-02 01:33:02,002 DEBUG com.kupreychik.service.impl.TimeTableServiceImpl [HTTP-Dispatcher] Проверка пройдена. teacherId найдено
2024-03-02 01:33:02,008 INFO com.kupreychik.service.impl.JsonParseServiceImpl [HTTP-Dispatcher] Trying to convert object TimeTableResponse(groupId=1, teacherId=3, startDateTime=2024-05-12T12:00, endDateTime=2024-05-12T14:00) to string
2024-03-02 01:33:19,734 INFO com.kupreychik.service.impl.TimeTableServiceImpl [HTTP-Dispatcher] Изменения расписания по дате
2024-03-02 01:36:29,931 INFO com.kupreychik.service.impl.TimeTableServiceImpl [HTTP-Dispatcher] Изменения расписания по дате
2024-03-02 01:36:29,935 ERROR com.kupreychik.service.impl.TimeTableServiceImpl [HTTP-Dispatcher] Ошибка. Расписание не найдено
2024-03-02 01:36:29,936 INFO com.kupreychik.service.impl.JsonParseServiceImpl [HTTP-Dispatcher] Trying to convert object ErrorResponse(error=Cannot found timetable by date, time=2024-03-02T01:36:29.936877500, errorId=24a16e65-18de-4d9f-8978-3898cb40950e) to string
2024-03-02 01:36:34,142 INFO com.kupreychik.service.impl.JsonParseServiceImpl [HTTP-Dispatcher] Trying to convert json class com.kupreychik.dto.request.GroupRequestDouble to object
2024-03-02 01:36:34,187 INFO com.kupreychik.service.impl.GroupServiceImpl [HTTP-Dispatcher] saveGroup() method call with value GroupRequestDouble(number=521325, students=[6, 7, 8, 9, 10])
2024-03-02 01:36:34,190 INFO com.kupreychik.service.impl.JsonParseServiceImpl [HTTP-Dispatcher] Trying to convert object GroupResponse(id=1, number=521325, students=[Student(id=6, name=Anastasia, surname=Lemko, birthday=1993-03-12, phone=89462276321, groupNumber=521325), Student(id=7, name=Il'ya, surname=Kluchkin, birthday=1992-01-26, phone=89512645896, groupNumber=521325), Student(id=8, name=Petr, surname=Korolev, birthday=1992-11-22, phone=89123696589, groupNumber=521325), Student(id=9, name=Marina, surname=Kravchenko, birthday=1993-06-12, phone=89587531268, groupNumber=521325), Student(id=10, name=Stas, surname=Mackarchuk, birthday=1993-05-07, phone=89652344556, groupNumber=521325)]) to string
2024-03-02 01:36:37,201 INFO com.kupreychik.service.impl.JsonParseServiceImpl [HTTP-Dispatcher] Trying to convert json class com.kupreychik.dto.request.TimeTableRequest to object
2024-03-02 01:36:37,204 INFO com.kupreychik.service.impl.TimeTableServiceImpl [HTTP-Dispatcher] saveTimeTable() method call with value TimeTableRequest(groupId=1, teacherId=3, startDateTime=2024-05-12 12:00, endDateTime=2024-05-12 14:00)
2024-03-02 01:36:37,207 DEBUG com.kupreychik.middleware.DateTimeMiddleWare [HTTP-Dispatcher] Выполняется проверка даты расписания
2024-03-02 01:36:37,208 DEBUG com.kupreychik.middleware.DateTimeMiddleWare [HTTP-Dispatcher] Проверка пройдена. Дата подходит
2024-03-02 01:36:37,209 DEBUG com.kupreychik.service.impl.TimeTableServiceImpl [HTTP-Dispatcher] Проверка groupId TimeTableRequest(groupId=1, teacherId=3, startDateTime=2024-05-12 12:00, endDateTime=2024-05-12 14:00)
2024-03-02 01:36:37,210 DEBUG com.kupreychik.service.impl.TimeTableServiceImpl [HTTP-Dispatcher] Проверка пройдена. teacherId найдено
2024-03-02 01:36:37,210 DEBUG com.kupreychik.service.impl.TimeTableServiceImpl [HTTP-Dispatcher] Проверка teacherId TimeTableRequest(groupId=1, teacherId=3, startDateTime=2024-05-12 12:00, endDateTime=2024-05-12 14:00)
2024-03-02 01:36:37,212 DEBUG com.kupreychik.service.impl.TimeTableServiceImpl [HTTP-Dispatcher] Проверка пройдена. teacherId найдено
2024-03-02 01:36:37,214 INFO com.kupreychik.service.impl.JsonParseServiceImpl [HTTP-Dispatcher] Trying to convert object TimeTableResponse(groupId=1, teacherId=3, startDateTime=2024-05-12T12:00, endDateTime=2024-05-12T14:00) to string
2024-03-02 01:36:41,658 INFO com.kupreychik.service.impl.TimeTableServiceImpl [HTTP-Dispatcher] Изменения расписания по дате
2024-03-02 01:36:41,662 INFO com.kupreychik.service.impl.TimeTableServiceImpl [HTTP-Dispatcher] Расписание найдено
2024-03-02 01:36:41,663 INFO com.kupreychik.service.impl.JsonParseServiceImpl [HTTP-Dispatcher] Trying to convert object TimeTable(groupId=1, teacherId=3, startDateTime=2024-05-12T13:00, endDateTime=2024-05-12T15:00) to string
2024-03-02 01:42:21,475 INFO com.kupreychik.service.impl.JsonParseServiceImpl [HTTP-Dispatcher] Trying to convert json class com.kupreychik.dto.request.GroupRequestDouble to object
2024-03-02 01:42:21,558 INFO com.kupreychik.service.impl.GroupServiceImpl [HTTP-Dispatcher] saveGroup() method call with value GroupRequestDouble(number=521325, students=[6, 7, 8, 9, 10])
2024-03-02 01:42:21,562 INFO com.kupreychik.service.impl.JsonParseServiceImpl [HTTP-Dispatcher] Trying to convert object GroupResponse(id=1, number=521325, students=[Student(id=6, name=Anastasia, surname=Lemko, birthday=1993-03-12, phone=89462276321, groupNumber=521325), Student(id=7, name=Il'ya, surname=Kluchkin, birthday=1992-01-26, phone=89512645896, groupNumber=521325), Student(id=8, name=Petr, surname=Korolev, birthday=1992-11-22, phone=89123696589, groupNumber=521325), Student(id=9, name=Marina, surname=Kravchenko, birthday=1993-06-12, phone=89587531268, groupNumber=521325), Student(id=10, name=Stas, surname=Mackarchuk, birthday=1993-05-07, phone=89652344556, groupNumber=521325)]) to string
2024-03-02 01:42:24,563 INFO com.kupreychik.service.impl.JsonParseServiceImpl [HTTP-Dispatcher] Trying to convert json class com.kupreychik.dto.request.TimeTableRequest to object
2024-03-02 01:42:24,568 INFO com.kupreychik.service.impl.TimeTableServiceImpl [HTTP-Dispatcher] saveTimeTable() method call with value TimeTableRequest(groupId=1, teacherId=3, startDateTime=2024-05-12 12:00, endDateTime=2024-05-12 14:00)
2024-03-02 01:42:24,572 DEBUG com.kupreychik.middleware.DateTimeMiddleWare [HTTP-Dispatcher] Выполняется проверка даты расписания
2024-03-02 01:42:24,574 DEBUG com.kupreychik.middleware.DateTimeMiddleWare [HTTP-Dispatcher] Проверка пройдена. Дата подходит
2024-03-02 01:42:24,575 DEBUG com.kupreychik.service.impl.TimeTableServiceImpl [HTTP-Dispatcher] Проверка groupId TimeTableRequest(groupId=1, teacherId=3, startDateTime=2024-05-12 12:00, endDateTime=2024-05-12 14:00)
2024-03-02 01:42:24,577 DEBUG com.kupreychik.service.impl.TimeTableServiceImpl [HTTP-Dispatcher] Проверка пройдена. teacherId найдено
2024-03-02 01:42:24,577 DEBUG com.kupreychik.service.impl.TimeTableServiceImpl [HTTP-Dispatcher] Проверка teacherId TimeTableRequest(groupId=1, teacherId=3, startDateTime=2024-05-12 12:00, endDateTime=2024-05-12 14:00)
2024-03-02 01:42:24,579 DEBUG com.kupreychik.service.impl.TimeTableServiceImpl [HTTP-Dispatcher] Проверка пройдена. teacherId найдено
2024-03-02 01:42:24,583 INFO com.kupreychik.service.impl.JsonParseServiceImpl [HTTP-Dispatcher] Trying to convert object TimeTableResponse(groupId=1, teacherId=3, startDateTime=2024-05-12T12:00, endDateTime=2024-05-12T14:00) to string
2024-03-02 01:42:31,674 INFO com.kupreychik.service.impl.TimeTableServiceImpl [HTTP-Dispatcher] Изменения расписания по дате
2024-03-02 01:42:31,684 ERROR com.kupreychik.service.impl.TimeTableServiceImpl [HTTP-Dispatcher] Ошибка. Расписание не найдено
2024-03-02 01:42:31,687 INFO com.kupreychik.service.impl.JsonParseServiceImpl [HTTP-Dispatcher] Trying to convert object ErrorResponse(error=Cannot found timetable by date, time=2024-03-02T01:42:31.685647300, errorId=25fa3f21-d371-4be8-a48b-bf145dfef2f8) to string
2024-03-02 01:42:35,826 INFO com.kupreychik.service.impl.TimeTableServiceImpl [HTTP-Dispatcher] Изменения расписания по дате
2024-03-02 01:42:35,827 INFO com.kupreychik.service.impl.TimeTableServiceImpl [HTTP-Dispatcher] Расписание найдено
2024-03-02 01:42:35,828 INFO com.kupreychik.service.impl.JsonParseServiceImpl [HTTP-Dispatcher] Trying to convert object TimeTable(groupId=1, teacherId=3, startDateTime=2024-05-12T13:00, endDateTime=2024-05-12T15:00) to string
